This file contains any messages produced by compilers while
running configure, to aid debugging if configure makes a mistake.

It was created by configure, which was
generated by GNU Autoconf 2.69.  Invocation command line was

  $ ./configure 

## --------- ##
## Platform. ##
## --------- ##

hostname = keren-Precision-T3600
uname -m = x86_64
uname -r = 5.4.0-89-generic
uname -s = Linux
uname -v = #100-Ubuntu SMP Fri Sep 24 14:50:10 UTC 2021

/usr/bin/uname -p = x86_64
/bin/uname -X     = unknown

/bin/arch              = x86_64
/usr/bin/arch -k       = unknown
/usr/convex/getsysinfo = unknown
/usr/bin/hostinfo      = unknown
/bin/machine           = unknown
/usr/bin/oslevel       = unknown
/bin/universe          = unknown

PATH: /usr/local/sbin
PATH: /usr/local/bin
PATH: /usr/sbin
PATH: /usr/bin
PATH: /sbin
PATH: /bin
PATH: /usr/games
PATH: /usr/local/games
PATH: /snap/bin


## ----------- ##
## Core tests. ##
## ----------- ##

configure:3281: checking build system type
configure:3295: result: x86_64-unknown-linux-gnu
configure:3315: checking host system type
configure:3328: result: x86_64-unknown-linux-gnu
configure:3366: checking host system type... x86_64-unknown-linux-gnu
configure:3462: checking /home/keren/XSB/lib
configure:3464: result: OK
configure:3469: checking /home/keren/XSB/syslib
configure:3471: result: OK
configure:3476: checking /home/keren/XSB/cmplib
configure:3478: result: OK
configure:3489: checking /home/keren/XSB/bin
configure:3491: result: OK
configure:3496: checking /home/keren/XSB/config/x86_64-unknown-linux-gnu/bin
configure:3498: result: OK
configure:3503: checking /home/keren/XSB/config/x86_64-unknown-linux-gnu/lib
configure:3505: result: OK
configure:3510: checking /home/keren/XSB/config/x86_64-unknown-linux-gnu/saved.o
configure:3512: result: OK
configure:3517: checking /home/keren/XSB/site/lib
configure:3519: result: OK
configure:3524: checking /home/keren/XSB/site/config/x86_64-unknown-linux-gnu/lib
configure:3526: result: OK
configure:3531: checking /home/keren/XSB/emu
configure:3533: result: OK
configure:3538: checking /home/keren/XSB/lib
configure:3540: result: OK
configure:3545: checking /home/keren/XSB/syslib
configure:3547: result: OK
configure:3552: checking /home/keren/XSB/cmplib
configure:3554: result: OK
configure:3559: checking /home/keren/XSB/bin
configure:3561: result: OK
configure:3566: checking /home/keren/XSB/build
configure:3568: result: OK
configure:3573: checking /home/keren/XSB/config/x86_64-unknown-linux-gnu/bin
configure:3575: result: OK
configure:3580: checking /home/keren/XSB/config/x86_64-unknown-linux-gnu/lib
configure:3582: result: OK
configure:3587: checking /home/keren/XSB/config/x86_64-unknown-linux-gnu/saved.o
configure:3589: result: OK
configure:3594: checking /home/keren/XSB/etc
configure:3596: result: OK
configure:3601: checking /home/keren/XSB/packages
configure:3603: result: OK
configure:3608: checking /home/keren/XSB/packages/xmc
configure:3610: result: OK
configure:3615: checking /home/keren/XSB/examples
configure:3617: result: OK
configure:3622: checking /home/keren/XSB/prolog_includes
configure:3624: result: OK
configure:3690: checking for gcc
configure:3706: found /usr/bin/gcc
configure:3717: result: gcc
configure:3946: checking for C compiler version
configure:3955: gcc --version >&5
gcc (Ubuntu 9.3.0-17ubuntu1~20.04) 9.3.0
Copyright (C) 2019 Free Software Foundation, Inc.
This is free software; see the source for copying conditions.  There is NO
warranty; not even for MERCHANTABILITY or FITNESS FOR A PARTICULAR PURPOSE.

configure:3966: $? = 0
configure:3955: gcc -v >&5
Using built-in specs.
COLLECT_GCC=gcc
COLLECT_LTO_WRAPPER=/usr/lib/gcc/x86_64-linux-gnu/9/lto-wrapper
OFFLOAD_TARGET_NAMES=nvptx-none:hsa
OFFLOAD_TARGET_DEFAULT=1
Target: x86_64-linux-gnu
Configured with: ../src/configure -v --with-pkgversion='Ubuntu 9.3.0-17ubuntu1~20.04' --with-bugurl=file:///usr/share/doc/gcc-9/README.Bugs --enable-languages=c,ada,c++,go,brig,d,fortran,objc,obj-c++,gm2 --prefix=/usr --with-gcc-major-version-only --program-suffix=-9 --program-prefix=x86_64-linux-gnu- --enable-shared --enable-linker-build-id --libexecdir=/usr/lib --without-included-gettext --enable-threads=posix --libdir=/usr/lib --enable-nls --enable-clocale=gnu --enable-libstdcxx-debug --enable-libstdcxx-time=yes --with-default-libstdcxx-abi=new --enable-gnu-unique-object --disable-vtable-verify --enable-plugin --enable-default-pie --with-system-zlib --with-target-system-zlib=auto --enable-objc-gc=auto --enable-multiarch --disable-werror --with-arch-32=i686 --with-abi=m64 --with-multilib-list=m32,m64,mx32 --enable-multilib --with-tune=generic --enable-offload-targets=nvptx-none=/build/gcc-9-HskZEa/gcc-9-9.3.0/debian/tmp-nvptx/usr,hsa --without-cuda-driver --enable-checking=release --build=x86_64-linux-gnu --host=x86_64-linux-gnu --target=x86_64-linux-gnu
Thread model: posix
gcc version 9.3.0 (Ubuntu 9.3.0-17ubuntu1~20.04) 
configure:3966: $? = 0
configure:3955: gcc -V >&5
gcc: error: unrecognized command line option '-V'
gcc: fatal error: no input files
compilation terminated.
configure:3966: $? = 1
configure:3955: gcc -qversion >&5
gcc: error: unrecognized command line option '-qversion'; did you mean '--version'?
gcc: fatal error: no input files
compilation terminated.
configure:3966: $? = 1
configure:3986: checking whether the C compiler works
configure:4008: gcc    conftest.c  >&5
configure:4012: $? = 0
configure:4060: result: yes
configure:4063: checking for C compiler default output file name
configure:4065: result: a.out
configure:4071: checking for suffix of executables
configure:4078: gcc -o conftest    conftest.c  >&5
configure:4082: $? = 0
configure:4104: result: 
configure:4126: checking whether we are cross compiling
configure:4134: gcc -o conftest    conftest.c  >&5
configure:4138: $? = 0
configure:4145: ./conftest
configure:4149: $? = 0
configure:4137: result: no
configure:4142: checking for suffix of object files
configure:4164: gcc -c   conftest.c >&5
configure:4168: $? = 0
configure:4189: result: o
configure:4193: checking whether we are using the GNU C compiler
configure:4212: gcc -c   conftest.c >&5
configure:4212: $? = 0
configure:4221: result: yes
configure:4230: checking whether gcc accepts -g
configure:4250: gcc -c -g  conftest.c >&5
configure:4250: $? = 0
configure:4291: result: yes
configure:4308: checking for gcc option to accept ISO C89
configure:4371: gcc  -c -g -O2  conftest.c >&5
configure:4371: $? = 0
configure:4384: result: none needed
configure:4409: checking how to run the C preprocessor
configure:4440: gcc -E  conftest.c
configure:4440: $? = 0
configure:4454: gcc -E  conftest.c
conftest.c:19:10: fatal error: ac_nonexistent.h: No such file or directory
   19 | #include <ac_nonexistent.h>
      |          ^~~~~~~~~~~~~~~~~~
compilation terminated.
configure:4454: $? = 1
configure: failed program was:
| /* confdefs.h */
| #define PACKAGE_NAME ""
| #define PACKAGE_TARNAME ""
| #define PACKAGE_VERSION ""
| #define PACKAGE_STRING ""
| #define PACKAGE_BUGREPORT ""
| #define PACKAGE_URL ""
| #define CONFIG_INCLUDED 1
| #define ___ALWAYS_TRUE___ 1
| #define XSB_VERSION "4.0.0 (TaB)"
| #define RELEASE_DATE 2021-04-01
| #define RELEASE_YEAR 2021
| #define RELEASE_MONTH 4
| #define RELEASE_DAY 1
| #define LOCAL_EVAL 1
| #define GC 1
| #define SLG_GC 1
| /* end confdefs.h.  */
| #include <ac_nonexistent.h>
configure:4479: result: gcc -E
configure:4499: gcc -E  conftest.c
configure:4499: $? = 0
configure:4513: gcc -E  conftest.c
conftest.c:19:10: fatal error: ac_nonexistent.h: No such file or directory
   19 | #include <ac_nonexistent.h>
      |          ^~~~~~~~~~~~~~~~~~
compilation terminated.
configure:4513: $? = 1
configure: failed program was:
| /* confdefs.h */
| #define PACKAGE_NAME ""
| #define PACKAGE_TARNAME ""
| #define PACKAGE_VERSION ""
| #define PACKAGE_STRING ""
| #define PACKAGE_BUGREPORT ""
| #define PACKAGE_URL ""
| #define CONFIG_INCLUDED 1
| #define ___ALWAYS_TRUE___ 1
| #define XSB_VERSION "4.0.0 (TaB)"
| #define RELEASE_DATE 2021-04-01
| #define RELEASE_YEAR 2021
| #define RELEASE_MONTH 4
| #define RELEASE_DAY 1
| #define LOCAL_EVAL 1
| #define GC 1
| #define SLG_GC 1
| /* end confdefs.h.  */
| #include <ac_nonexistent.h>
configure:4555: checking for a BSD-compatible install
configure:4623: result: /usr/bin/install -c
configure:4636: checking for grep that handles long lines and -e
configure:4694: result: /usr/bin/grep
configure:4699: checking for egrep
configure:4761: result: /usr/bin/grep -E
configure:4766: checking for ANSI C header files
configure:4786: gcc -c -g -O2  conftest.c >&5
configure:4786: $? = 0
configure:4859: gcc -o conftest -g -O2   conftest.c  >&5
configure:4859: $? = 0
configure:4859: ./conftest
configure:4859: $? = 0
configure:4870: result: yes
configure:4883: checking for sys/types.h
configure:4883: gcc -c -g -O2  conftest.c >&5
configure:4883: $? = 0
configure:4883: result: yes
configure:4883: checking for sys/stat.h
configure:4883: gcc -c -g -O2  conftest.c >&5
configure:4883: $? = 0
configure:4883: result: yes
configure:4883: checking for stdlib.h
configure:4883: gcc -c -g -O2  conftest.c >&5
configure:4883: $? = 0
configure:4883: result: yes
configure:4883: checking for string.h
configure:4883: gcc -c -g -O2  conftest.c >&5
configure:4883: $? = 0
configure:4883: result: yes
configure:4883: checking for memory.h
configure:4883: gcc -c -g -O2  conftest.c >&5
configure:4883: $? = 0
configure:4883: result: yes
configure:4883: checking for strings.h
configure:4883: gcc -c -g -O2  conftest.c >&5
configure:4883: $? = 0
configure:4883: result: yes
configure:4883: checking for inttypes.h
configure:4883: gcc -c -g -O2  conftest.c >&5
configure:4883: $? = 0
configure:4883: result: yes
configure:4883: checking for stdint.h
configure:4883: gcc -c -g -O2  conftest.c >&5
configure:4883: $? = 0
configure:4883: result: yes
configure:4883: checking for unistd.h
configure:4883: gcc -c -g -O2  conftest.c >&5
configure:4883: $? = 0
configure:4883: result: yes
configure:4896: checking minix/config.h usability
configure:4896: gcc -c -g -O2  conftest.c >&5
conftest.c:62:10: fatal error: minix/config.h: No such file or directory
   62 | #include <minix/config.h>
      |          ^~~~~~~~~~~~~~~~
compilation terminated.
configure:4896: $? = 1
configure: failed program was:
| /* confdefs.h */
| #define PACKAGE_NAME ""
| #define PACKAGE_TARNAME ""
| #define PACKAGE_VERSION ""
| #define PACKAGE_STRING ""
| #define PACKAGE_BUGREPORT ""
| #define PACKAGE_URL ""
| #define CONFIG_INCLUDED 1
| #define ___ALWAYS_TRUE___ 1
| #define XSB_VERSION "4.0.0 (TaB)"
| #define RELEASE_DATE 2021-04-01
| #define RELEASE_YEAR 2021
| #define RELEASE_MONTH 4
| #define RELEASE_DAY 1
| #define LOCAL_EVAL 1
| #define GC 1
| #define SLG_GC 1
| #define STDC_HEADERS 1
| #define HAVE_SYS_TYPES_H 1
| #define HAVE_SYS_STAT_H 1
| #define HAVE_STDLIB_H 1
| #define HAVE_STRING_H 1
| #define HAVE_MEMORY_H 1
| #define HAVE_STRINGS_H 1
| #define HAVE_INTTYPES_H 1
| #define HAVE_STDINT_H 1
| #define HAVE_UNISTD_H 1
| /* end confdefs.h.  */
| #include <stdio.h>
| #ifdef HAVE_SYS_TYPES_H
| # include <sys/types.h>
| #endif
| #ifdef HAVE_SYS_STAT_H
| # include <sys/stat.h>
| #endif
| #ifdef STDC_HEADERS
| # include <stdlib.h>
| # include <stddef.h>
| #else
| # ifdef HAVE_STDLIB_H
| #  include <stdlib.h>
| # endif
| #endif
| #ifdef HAVE_STRING_H
| # if !defined STDC_HEADERS && defined HAVE_MEMORY_H
| #  include <memory.h>
| # endif
| # include <string.h>
| #endif
| #ifdef HAVE_STRINGS_H
| # include <strings.h>
| #endif
| #ifdef HAVE_INTTYPES_H
| # include <inttypes.h>
| #endif
| #ifdef HAVE_STDINT_H
| # include <stdint.h>
| #endif
| #ifdef HAVE_UNISTD_H
| # include <unistd.h>
| #endif
| #include <minix/config.h>
configure:4896: result: no
configure:4896: checking minix/config.h presence
configure:4896: gcc -E  conftest.c
conftest.c:29:10: fatal error: minix/config.h: No such file or directory
   29 | #include <minix/config.h>
      |          ^~~~~~~~~~~~~~~~
compilation terminated.
configure:4896: $? = 1
configure: failed program was:
| /* confdefs.h */
| #define PACKAGE_NAME ""
| #define PACKAGE_TARNAME ""
| #define PACKAGE_VERSION ""
| #define PACKAGE_STRING ""
| #define PACKAGE_BUGREPORT ""
| #define PACKAGE_URL ""
| #define CONFIG_INCLUDED 1
| #define ___ALWAYS_TRUE___ 1
| #define XSB_VERSION "4.0.0 (TaB)"
| #define RELEASE_DATE 2021-04-01
| #define RELEASE_YEAR 2021
| #define RELEASE_MONTH 4
| #define RELEASE_DAY 1
| #define LOCAL_EVAL 1
| #define GC 1
| #define SLG_GC 1
| #define STDC_HEADERS 1
| #define HAVE_SYS_TYPES_H 1
| #define HAVE_SYS_STAT_H 1
| #define HAVE_STDLIB_H 1
| #define HAVE_STRING_H 1
| #define HAVE_MEMORY_H 1
| #define HAVE_STRINGS_H 1
| #define HAVE_INTTYPES_H 1
| #define HAVE_STDINT_H 1
| #define HAVE_UNISTD_H 1
| /* end confdefs.h.  */
| #include <minix/config.h>
configure:4896: result: no
configure:4896: checking for minix/config.h
configure:4896: result: no
configure:4917: checking whether it is safe to define __EXTENSIONS__
configure:4935: gcc -c -g -O2  conftest.c >&5
configure:4935: $? = 0
configure:4942: result: yes
configure:4960: checking for gcc
configure:4976: found /usr/bin/gcc
configure:4988: result: yes
configure:4997: checking whether we are using SunPro C
configure:5008: gcc -c -g -O2  conftest.c >&5
conftest.c:36:2: error: #error Not a SunPro compiler :-(
   36 | #error Not a  SunPro compiler :-(
      |  ^~~~~
conftest.c:37:9: error: expected identifier or '(' before '==' token
   37 | ******* ======= ******** &&&&&&&&
      |         ^~
configure:5008: $? = 1
configure: failed program was:
| /* confdefs.h */
| #define PACKAGE_NAME ""
| #define PACKAGE_TARNAME ""
| #define PACKAGE_VERSION ""
| #define PACKAGE_STRING ""
| #define PACKAGE_BUGREPORT ""
| #define PACKAGE_URL ""
| #define CONFIG_INCLUDED 1
| #define ___ALWAYS_TRUE___ 1
| #define XSB_VERSION "4.0.0 (TaB)"
| #define RELEASE_DATE 2021-04-01
| #define RELEASE_YEAR 2021
| #define RELEASE_MONTH 4
| #define RELEASE_DAY 1
| #define LOCAL_EVAL 1
| #define GC 1
| #define SLG_GC 1
| #define STDC_HEADERS 1
| #define HAVE_SYS_TYPES_H 1
| #define HAVE_SYS_STAT_H 1
| #define HAVE_STDLIB_H 1
| #define HAVE_STRING_H 1
| #define HAVE_MEMORY_H 1
| #define HAVE_STRINGS_H 1
| #define HAVE_INTTYPES_H 1
| #define HAVE_STDINT_H 1
| #define HAVE_UNISTD_H 1
| #define __EXTENSIONS__ 1
| #define _ALL_SOURCE 1
| #define _GNU_SOURCE 1
| #define _POSIX_PTHREAD_SEMANTICS 1
| #define _TANDEM_SOURCE 1
| /* end confdefs.h.  */
| 
| #ifndef __SUNPRO_C
| #error Not a  SunPro compiler :-(
| ******* ======= ******** &&&&&&&&
| #endif
| 
configure:5014: result: no
configure:5172: checking whether make sets $(MAKE)
configure:5194: result: yes
configure:5210: checking size of long int
configure:5215: gcc -o conftest -Wall -pipe   conftest.c  >&5
configure:5215: $? = 0
configure:5215: ./conftest
configure:5215: $? = 0
configure:5229: result: 8
configure:5295: checking for main in -lm
configure:5314: gcc -o conftest -Wall -pipe   conftest.c -lm   >&5
configure:5314: $? = 0
configure:5323: result: yes
configure:5338: checking for main in -ldl
configure:5357: gcc -o conftest -Wall -pipe   conftest.c -ldl  -lm  >&5
configure:5357: $? = 0
configure:5366: result: yes
configure:5379: checking for main in -lnsl
configure:5398: gcc -o conftest -Wall -pipe   conftest.c -lnsl  -ldl -lm  >&5
configure:5398: $? = 0
configure:5407: result: yes
configure:5420: checking for main in -lpthread
configure:5439: gcc -o conftest -Wall -pipe   conftest.c -lpthread  -lnsl -ldl -lm  >&5
configure:5439: $? = 0
configure:5448: result: yes
configure:5461: checking for main in -lsocket
configure:5480: gcc -o conftest -Wall -pipe   conftest.c -lsocket  -lpthread -lnsl -ldl -lm  >&5
/usr/bin/ld: cannot find -lsocket
collect2: error: ld returned 1 exit status
configure:5480: $? = 1
configure: failed program was:
| /* confdefs.h */
| #define PACKAGE_NAME ""
| #define PACKAGE_TARNAME ""
| #define PACKAGE_VERSION ""
| #define PACKAGE_STRING ""
| #define PACKAGE_BUGREPORT ""
| #define PACKAGE_URL ""
| #define CONFIG_INCLUDED 1
| #define ___ALWAYS_TRUE___ 1
| #define XSB_VERSION "4.0.0 (TaB)"
| #define RELEASE_DATE 2021-04-01
| #define RELEASE_YEAR 2021
| #define RELEASE_MONTH 4
| #define RELEASE_DAY 1
| #define LOCAL_EVAL 1
| #define GC 1
| #define SLG_GC 1
| #define STDC_HEADERS 1
| #define HAVE_SYS_TYPES_H 1
| #define HAVE_SYS_STAT_H 1
| #define HAVE_STDLIB_H 1
| #define HAVE_STRING_H 1
| #define HAVE_MEMORY_H 1
| #define HAVE_STRINGS_H 1
| #define HAVE_INTTYPES_H 1
| #define HAVE_STDINT_H 1
| #define HAVE_UNISTD_H 1
| #define __EXTENSIONS__ 1
| #define _ALL_SOURCE 1
| #define _GNU_SOURCE 1
| #define _POSIX_PTHREAD_SEMANTICS 1
| #define _TANDEM_SOURCE 1
| #define CC "gcc"
| #define SIZEOF_LONG_INT 8
| #define BITS64 1
| #define HAVE_LIBM 1
| #define HAVE_LIBDL 1
| #define HAVE_LIBNSL 1
| #define HAVE_LIBPTHREAD 1
| /* end confdefs.h.  */
| 
| 
| int
| main ()
| {
| return main ();
|   ;
|   return 0;
| }
configure:5489: result: no
configure:5503: checking for readline in -lreadline
configure:5528: gcc -o conftest -Wall -pipe   conftest.c -lreadline  -lpthread -lnsl -ldl -lm  >&5
configure:5528: $? = 0
configure:5537: result: yes
configure:5548: checking for sched_get_priority_max
configure:5548: gcc -o conftest -Wall -pipe   conftest.c -lpthread -lnsl -ldl -lm  >&5
configure:5548: $? = 0
configure:5548: result: yes
configure:5597: checking stdarg.h usability
configure:5597: gcc -c -Wall -pipe  conftest.c >&5
configure:5597: $? = 0
configure:5597: result: yes
configure:5597: checking stdarg.h presence
configure:5597: gcc -E  conftest.c
configure:5597: $? = 0
configure:5597: result: yes
configure:5597: checking for stdarg.h
configure:5597: result: yes
configure:5616: checking sys/time.h usability
configure:5616: gcc -c -Wall -pipe  conftest.c >&5
configure:5616: $? = 0
configure:5616: result: yes
configure:5616: checking sys/time.h presence
configure:5616: gcc -E  conftest.c
configure:5616: $? = 0
configure:5616: result: yes
configure:5616: checking for sys/time.h
configure:5616: result: yes
configure:5627: checking whether time.h and sys/time.h may both be included
configure:5647: gcc -c -Wall -pipe  conftest.c >&5
configure:5647: $? = 0
configure:5654: result: yes
configure:5665: checking for malloc
configure:5665: gcc -o conftest -Wall -pipe   conftest.c -lpthread -lnsl -ldl -lm  >&5
conftest.c:68:6: warning: conflicting types for built-in function 'malloc'; expected 'void *(long unsigned int)' [-Wbuiltin-declaration-mismatch]
   68 | char malloc ();
      |      ^~~~~~
conftest.c:56:1: note: 'malloc' is declared in header '<stdlib.h>'
   55 | # include <limits.h>
   56 | #else
configure:5665: $? = 0
configure:5665: result: yes
configure:5682: checking for unistd.h
configure:5682: result: yes
configure:5682: checking for string.h
configure:5682: result: yes
configure:5682: checking for stdlib.h
configure:5682: result: yes
configure:5700: checking for an ANSI C-conforming const
configure:5766: gcc -c -Wall -pipe  conftest.c >&5
configure:5766: $? = 0
configure:5773: result: yes
configure:5782: checking return type of signal handlers
configure:5800: gcc -c -Wall -pipe  conftest.c >&5
conftest.c: In function 'main':
conftest.c:55:10: error: void value not ignored as it ought to be
   55 | return *(signal (0, 0)) (0) == 1;
      |         ~^~~~~~~~~~~~~~~~~~
configure:5800: $? = 1
configure: failed program was:
| /* confdefs.h */
| #define PACKAGE_NAME ""
| #define PACKAGE_TARNAME ""
| #define PACKAGE_VERSION ""
| #define PACKAGE_STRING ""
| #define PACKAGE_BUGREPORT ""
| #define PACKAGE_URL ""
| #define CONFIG_INCLUDED 1
| #define ___ALWAYS_TRUE___ 1
| #define XSB_VERSION "4.0.0 (TaB)"
| #define RELEASE_DATE 2021-04-01
| #define RELEASE_YEAR 2021
| #define RELEASE_MONTH 4
| #define RELEASE_DAY 1
| #define LOCAL_EVAL 1
| #define GC 1
| #define SLG_GC 1
| #define STDC_HEADERS 1
| #define HAVE_SYS_TYPES_H 1
| #define HAVE_SYS_STAT_H 1
| #define HAVE_STDLIB_H 1
| #define HAVE_STRING_H 1
| #define HAVE_MEMORY_H 1
| #define HAVE_STRINGS_H 1
| #define HAVE_INTTYPES_H 1
| #define HAVE_STDINT_H 1
| #define HAVE_UNISTD_H 1
| #define __EXTENSIONS__ 1
| #define _ALL_SOURCE 1
| #define _GNU_SOURCE 1
| #define _POSIX_PTHREAD_SEMANTICS 1
| #define _TANDEM_SOURCE 1
| #define CC "gcc"
| #define SIZEOF_LONG_INT 8
| #define BITS64 1
| #define HAVE_LIBM 1
| #define HAVE_LIBDL 1
| #define HAVE_LIBNSL 1
| #define HAVE_LIBPTHREAD 1
| #define HAVE_READLINE 1
| #define HAVE_STDARG_H 1
| #define HAVE_SYS_TIME_H 1
| #define TIME_WITH_SYS_TIME 1
| #define HAVE_MALLOC 1
| #define HAVE_UNISTD_H 1
| #define HAVE_STRING_H 1
| #define HAVE_STDLIB_H 1
| /* end confdefs.h.  */
| #include <sys/types.h>
| #include <signal.h>
| 
| int
| main ()
| {
| return *(signal (0, 0)) (0) == 1;
|   ;
|   return 0;
| }
configure:5807: result: void
configure:5818: checking for strdup
configure:5818: gcc -o conftest -Wall -pipe   conftest.c -lpthread -lnsl -ldl -lm  >&5
conftest.c:73:6: warning: conflicting types for built-in function 'strdup'; expected 'char *(const char *)' [-Wbuiltin-declaration-mismatch]
   73 | char strdup ();
      |      ^~~~~~
configure:5818: $? = 0
configure:5818: result: yes
configure:5818: checking for mkdir
configure:5818: gcc -o conftest -Wall -pipe   conftest.c -lpthread -lnsl -ldl -lm  >&5
configure:5818: $? = 0
configure:5818: result: yes
configure:5837: checking for gethostbyname
configure:5837: gcc -o conftest -Wall -pipe   conftest.c -lpthread -lnsl -ldl -lm  >&5
configure:5837: $? = 0
configure:5837: result: yes
configure:5837: checking for gettimeofday
configure:5837: gcc -o conftest -Wall -pipe   conftest.c -lpthread -lnsl -ldl -lm  >&5
configure:5837: $? = 0
configure:5837: result: yes
configure:5837: checking for socket
configure:5837: gcc -o conftest -Wall -pipe   conftest.c -lpthread -lnsl -ldl -lm  >&5
configure:5837: $? = 0
configure:5837: result: yes
configure:5837: checking for snprintf
configure:5837: gcc -o conftest -Wall -pipe   conftest.c -lpthread -lnsl -ldl -lm  >&5
conftest.c:78:6: warning: conflicting types for built-in function 'snprintf'; expected 'int(char *, long unsigned int,  const char *, ...)' [-Wbuiltin-declaration-mismatch]
   78 | char snprintf ();
      |      ^~~~~~~~
conftest.c:66:1: note: 'snprintf' is declared in header '<stdio.h>'
   65 | # include <limits.h>
   66 | #else
configure:5837: $? = 0
configure:5837: result: yes
configure:5850: checking for regexec
configure:5850: gcc -o conftest -Wall -pipe   conftest.c -lpthread -lnsl -ldl -lm  >&5
configure:5850: $? = 0
configure:5850: result: yes
configure:5850: checking for regerror
configure:5850: gcc -o conftest -Wall -pipe   conftest.c -lpthread -lnsl -ldl -lm  >&5
configure:5850: $? = 0
configure:5850: result: yes
configure:5850: checking for regcomp
configure:5850: gcc -o conftest -Wall -pipe   conftest.c -lpthread -lnsl -ldl -lm  >&5
configure:5850: $? = 0
configure:5850: result: yes
configure:5864: checking for fnmatch
configure:5864: gcc -o conftest -Wall -pipe   conftest.c -lpthread -lnsl -ldl -lm  >&5
configure:5864: $? = 0
configure:5864: result: yes
configure:5864: checking for glob
configure:5864: gcc -o conftest -Wall -pipe   conftest.c -lpthread -lnsl -ldl -lm  >&5
configure:5864: $? = 0
configure:5864: result: yes
configure:5864: checking for globfree
configure:5864: gcc -o conftest -Wall -pipe   conftest.c -lpthread -lnsl -ldl -lm  >&5
configure:5864: $? = 0
configure:5864: result: yes
configure:5878: checking for execvp
configure:5878: gcc -o conftest -Wall -pipe   conftest.c -lpthread -lnsl -ldl -lm  >&5
conftest.c:85:6: warning: conflicting types for built-in function 'execvp'; expected 'int(const char *, char * const*)' [-Wbuiltin-declaration-mismatch]
   85 | char execvp ();
      |      ^~~~~~
configure:5878: $? = 0
configure:5878: result: yes
configure:6090: checking for itkwish
configure:6122: result: no
configure:6166: checking whether loader understands -Wl,-export-dynamic
configure:6174: gcc -o conftest -Wall -pipe  -Wl,-export-dynamic conftest.c  -lpthread -lnsl -ldl -lm  >&5
conftest.c:65:1: warning: return type defaults to 'int' [-Wimplicit-int]
   65 | main(){return 0;}
      | ^~~~
configure:6174: $? = 0
configure:6181: result: yes
configure:6409: checking sys/resource.h usability
configure:6409: gcc -c  -fPIC -Wall -pipe   conftest.c >&5
configure:6409: $? = 0
configure:6409: result: yes
configure:6409: checking sys/resource.h presence
configure:6409: gcc -E  conftest.c
configure:6409: $? = 0
configure:6409: result: yes
configure:6409: checking for sys/resource.h
configure:6409: result: yes
configure:6441: checking for inline
configure:6457: gcc -c  -fPIC -Wall -pipe   conftest.c >&5
configure:6457: $? = 0
configure:6465: result: inline
configure:6887: checking for javac
configure:6905: found /usr/bin/javac
configure:6918: result: /usr/bin/javac
configure:6958: checking jni.h usability
configure:6958: gcc -c  -O3 -fno-strict-aliasing   -fPIC -Wall -pipe   conftest.c >&5
conftest.c:103:10: fatal error: jni.h: No such file or directory
  103 | #include <jni.h>
      |          ^~~~~~~
compilation terminated.
configure:6958: $? = 1
configure: failed program was:
| /* confdefs.h */
| #define PACKAGE_NAME ""
| #define PACKAGE_TARNAME ""
| #define PACKAGE_VERSION ""
| #define PACKAGE_STRING ""
| #define PACKAGE_BUGREPORT ""
| #define PACKAGE_URL ""
| #define CONFIG_INCLUDED 1
| #define ___ALWAYS_TRUE___ 1
| #define XSB_VERSION "4.0.0 (TaB)"
| #define RELEASE_DATE 2021-04-01
| #define RELEASE_YEAR 2021
| #define RELEASE_MONTH 4
| #define RELEASE_DAY 1
| #define LOCAL_EVAL 1
| #define GC 1
| #define SLG_GC 1
| #define STDC_HEADERS 1
| #define HAVE_SYS_TYPES_H 1
| #define HAVE_SYS_STAT_H 1
| #define HAVE_STDLIB_H 1
| #define HAVE_STRING_H 1
| #define HAVE_MEMORY_H 1
| #define HAVE_STRINGS_H 1
| #define HAVE_INTTYPES_H 1
| #define HAVE_STDINT_H 1
| #define HAVE_UNISTD_H 1
| #define __EXTENSIONS__ 1
| #define _ALL_SOURCE 1
| #define _GNU_SOURCE 1
| #define _POSIX_PTHREAD_SEMANTICS 1
| #define _TANDEM_SOURCE 1
| #define CC "gcc"
| #define SIZEOF_LONG_INT 8
| #define BITS64 1
| #define HAVE_LIBM 1
| #define HAVE_LIBDL 1
| #define HAVE_LIBNSL 1
| #define HAVE_LIBPTHREAD 1
| #define HAVE_READLINE 1
| #define HAVE_STDARG_H 1
| #define HAVE_SYS_TIME_H 1
| #define TIME_WITH_SYS_TIME 1
| #define HAVE_MALLOC 1
| #define HAVE_UNISTD_H 1
| #define HAVE_STRING_H 1
| #define HAVE_STDLIB_H 1
| #define RETSIGTYPE void
| #define HAVE_STRDUP 1
| #define HAVE_MKDIR 1
| #define HAVE_GETHOSTBYNAME 1
| #define HAVE_GETTIMEOFDAY 1
| #define HAVE_SOCKET 1
| #define HAVE_SNPRINTF 1
| #define HAVE_REGEXEC 1
| #define HAVE_REGERROR 1
| #define HAVE_REGCOMP 1
| #define HAVE_FNMATCH 1
| #define HAVE_GLOB 1
| #define HAVE_GLOBFREE 1
| #define HAVE_EXECVP 1
| #define JUMPTABLE_EMULOOP 1
| #define INSN_BLOCKS 1
| #define LINUX 1
| #define _GNU_SOURCE 1
| #define LINUX_ELF 1
| #define FOREIGN_ELF 1
| #define HAVE_SYS_RESOURCE_H 1
| /* end confdefs.h.  */
| #include <stdio.h>
| #ifdef HAVE_SYS_TYPES_H
| # include <sys/types.h>
| #endif
| #ifdef HAVE_SYS_STAT_H
| # include <sys/stat.h>
| #endif
| #ifdef STDC_HEADERS
| # include <stdlib.h>
| # include <stddef.h>
| #else
| # ifdef HAVE_STDLIB_H
| #  include <stdlib.h>
| # endif
| #endif
| #ifdef HAVE_STRING_H
| # if !defined STDC_HEADERS && defined HAVE_MEMORY_H
| #  include <memory.h>
| # endif
| # include <string.h>
| #endif
| #ifdef HAVE_STRINGS_H
| # include <strings.h>
| #endif
| #ifdef HAVE_INTTYPES_H
| # include <inttypes.h>
| #endif
| #ifdef HAVE_STDINT_H
| # include <stdint.h>
| #endif
| #ifdef HAVE_UNISTD_H
| # include <unistd.h>
| #endif
| #include <jni.h>
configure:6958: result: no
configure:6958: checking jni.h presence
configure:6958: gcc -E  conftest.c
conftest.c:70:10: fatal error: jni.h: No such file or directory
   70 | #include <jni.h>
      |          ^~~~~~~
compilation terminated.
configure:6958: $? = 1
configure: failed program was:
| /* confdefs.h */
| #define PACKAGE_NAME ""
| #define PACKAGE_TARNAME ""
| #define PACKAGE_VERSION ""
| #define PACKAGE_STRING ""
| #define PACKAGE_BUGREPORT ""
| #define PACKAGE_URL ""
| #define CONFIG_INCLUDED 1
| #define ___ALWAYS_TRUE___ 1
| #define XSB_VERSION "4.0.0 (TaB)"
| #define RELEASE_DATE 2021-04-01
| #define RELEASE_YEAR 2021
| #define RELEASE_MONTH 4
| #define RELEASE_DAY 1
| #define LOCAL_EVAL 1
| #define GC 1
| #define SLG_GC 1
| #define STDC_HEADERS 1
| #define HAVE_SYS_TYPES_H 1
| #define HAVE_SYS_STAT_H 1
| #define HAVE_STDLIB_H 1
| #define HAVE_STRING_H 1
| #define HAVE_MEMORY_H 1
| #define HAVE_STRINGS_H 1
| #define HAVE_INTTYPES_H 1
| #define HAVE_STDINT_H 1
| #define HAVE_UNISTD_H 1
| #define __EXTENSIONS__ 1
| #define _ALL_SOURCE 1
| #define _GNU_SOURCE 1
| #define _POSIX_PTHREAD_SEMANTICS 1
| #define _TANDEM_SOURCE 1
| #define CC "gcc"
| #define SIZEOF_LONG_INT 8
| #define BITS64 1
| #define HAVE_LIBM 1
| #define HAVE_LIBDL 1
| #define HAVE_LIBNSL 1
| #define HAVE_LIBPTHREAD 1
| #define HAVE_READLINE 1
| #define HAVE_STDARG_H 1
| #define HAVE_SYS_TIME_H 1
| #define TIME_WITH_SYS_TIME 1
| #define HAVE_MALLOC 1
| #define HAVE_UNISTD_H 1
| #define HAVE_STRING_H 1
| #define HAVE_STDLIB_H 1
| #define RETSIGTYPE void
| #define HAVE_STRDUP 1
| #define HAVE_MKDIR 1
| #define HAVE_GETHOSTBYNAME 1
| #define HAVE_GETTIMEOFDAY 1
| #define HAVE_SOCKET 1
| #define HAVE_SNPRINTF 1
| #define HAVE_REGEXEC 1
| #define HAVE_REGERROR 1
| #define HAVE_REGCOMP 1
| #define HAVE_FNMATCH 1
| #define HAVE_GLOB 1
| #define HAVE_GLOBFREE 1
| #define HAVE_EXECVP 1
| #define JUMPTABLE_EMULOOP 1
| #define INSN_BLOCKS 1
| #define LINUX 1
| #define _GNU_SOURCE 1
| #define LINUX_ELF 1
| #define FOREIGN_ELF 1
| #define HAVE_SYS_RESOURCE_H 1
| /* end confdefs.h.  */
| #include <jni.h>
configure:6958: result: no
configure:6958: checking for jni.h
configure:6958: result: no
configure:6958: checking jni_md.h usability
configure:6958: gcc -c  -O3 -fno-strict-aliasing   -fPIC -Wall -pipe   conftest.c >&5
conftest.c:103:10: fatal error: jni_md.h: No such file or directory
  103 | #include <jni_md.h>
      |          ^~~~~~~~~~
compilation terminated.
configure:6958: $? = 1
configure: failed program was:
| /* confdefs.h */
| #define PACKAGE_NAME ""
| #define PACKAGE_TARNAME ""
| #define PACKAGE_VERSION ""
| #define PACKAGE_STRING ""
| #define PACKAGE_BUGREPORT ""
| #define PACKAGE_URL ""
| #define CONFIG_INCLUDED 1
| #define ___ALWAYS_TRUE___ 1
| #define XSB_VERSION "4.0.0 (TaB)"
| #define RELEASE_DATE 2021-04-01
| #define RELEASE_YEAR 2021
| #define RELEASE_MONTH 4
| #define RELEASE_DAY 1
| #define LOCAL_EVAL 1
| #define GC 1
| #define SLG_GC 1
| #define STDC_HEADERS 1
| #define HAVE_SYS_TYPES_H 1
| #define HAVE_SYS_STAT_H 1
| #define HAVE_STDLIB_H 1
| #define HAVE_STRING_H 1
| #define HAVE_MEMORY_H 1
| #define HAVE_STRINGS_H 1
| #define HAVE_INTTYPES_H 1
| #define HAVE_STDINT_H 1
| #define HAVE_UNISTD_H 1
| #define __EXTENSIONS__ 1
| #define _ALL_SOURCE 1
| #define _GNU_SOURCE 1
| #define _POSIX_PTHREAD_SEMANTICS 1
| #define _TANDEM_SOURCE 1
| #define CC "gcc"
| #define SIZEOF_LONG_INT 8
| #define BITS64 1
| #define HAVE_LIBM 1
| #define HAVE_LIBDL 1
| #define HAVE_LIBNSL 1
| #define HAVE_LIBPTHREAD 1
| #define HAVE_READLINE 1
| #define HAVE_STDARG_H 1
| #define HAVE_SYS_TIME_H 1
| #define TIME_WITH_SYS_TIME 1
| #define HAVE_MALLOC 1
| #define HAVE_UNISTD_H 1
| #define HAVE_STRING_H 1
| #define HAVE_STDLIB_H 1
| #define RETSIGTYPE void
| #define HAVE_STRDUP 1
| #define HAVE_MKDIR 1
| #define HAVE_GETHOSTBYNAME 1
| #define HAVE_GETTIMEOFDAY 1
| #define HAVE_SOCKET 1
| #define HAVE_SNPRINTF 1
| #define HAVE_REGEXEC 1
| #define HAVE_REGERROR 1
| #define HAVE_REGCOMP 1
| #define HAVE_FNMATCH 1
| #define HAVE_GLOB 1
| #define HAVE_GLOBFREE 1
| #define HAVE_EXECVP 1
| #define JUMPTABLE_EMULOOP 1
| #define INSN_BLOCKS 1
| #define LINUX 1
| #define _GNU_SOURCE 1
| #define LINUX_ELF 1
| #define FOREIGN_ELF 1
| #define HAVE_SYS_RESOURCE_H 1
| /* end confdefs.h.  */
| #include <stdio.h>
| #ifdef HAVE_SYS_TYPES_H
| # include <sys/types.h>
| #endif
| #ifdef HAVE_SYS_STAT_H
| # include <sys/stat.h>
| #endif
| #ifdef STDC_HEADERS
| # include <stdlib.h>
| # include <stddef.h>
| #else
| # ifdef HAVE_STDLIB_H
| #  include <stdlib.h>
| # endif
| #endif
| #ifdef HAVE_STRING_H
| # if !defined STDC_HEADERS && defined HAVE_MEMORY_H
| #  include <memory.h>
| # endif
| # include <string.h>
| #endif
| #ifdef HAVE_STRINGS_H
| # include <strings.h>
| #endif
| #ifdef HAVE_INTTYPES_H
| # include <inttypes.h>
| #endif
| #ifdef HAVE_STDINT_H
| # include <stdint.h>
| #endif
| #ifdef HAVE_UNISTD_H
| # include <unistd.h>
| #endif
| #include <jni_md.h>
configure:6958: result: no
configure:6958: checking jni_md.h presence
configure:6958: gcc -E  conftest.c
conftest.c:70:10: fatal error: jni_md.h: No such file or directory
   70 | #include <jni_md.h>
      |          ^~~~~~~~~~
compilation terminated.
configure:6958: $? = 1
configure: failed program was:
| /* confdefs.h */
| #define PACKAGE_NAME ""
| #define PACKAGE_TARNAME ""
| #define PACKAGE_VERSION ""
| #define PACKAGE_STRING ""
| #define PACKAGE_BUGREPORT ""
| #define PACKAGE_URL ""
| #define CONFIG_INCLUDED 1
| #define ___ALWAYS_TRUE___ 1
| #define XSB_VERSION "4.0.0 (TaB)"
| #define RELEASE_DATE 2021-04-01
| #define RELEASE_YEAR 2021
| #define RELEASE_MONTH 4
| #define RELEASE_DAY 1
| #define LOCAL_EVAL 1
| #define GC 1
| #define SLG_GC 1
| #define STDC_HEADERS 1
| #define HAVE_SYS_TYPES_H 1
| #define HAVE_SYS_STAT_H 1
| #define HAVE_STDLIB_H 1
| #define HAVE_STRING_H 1
| #define HAVE_MEMORY_H 1
| #define HAVE_STRINGS_H 1
| #define HAVE_INTTYPES_H 1
| #define HAVE_STDINT_H 1
| #define HAVE_UNISTD_H 1
| #define __EXTENSIONS__ 1
| #define _ALL_SOURCE 1
| #define _GNU_SOURCE 1
| #define _POSIX_PTHREAD_SEMANTICS 1
| #define _TANDEM_SOURCE 1
| #define CC "gcc"
| #define SIZEOF_LONG_INT 8
| #define BITS64 1
| #define HAVE_LIBM 1
| #define HAVE_LIBDL 1
| #define HAVE_LIBNSL 1
| #define HAVE_LIBPTHREAD 1
| #define HAVE_READLINE 1
| #define HAVE_STDARG_H 1
| #define HAVE_SYS_TIME_H 1
| #define TIME_WITH_SYS_TIME 1
| #define HAVE_MALLOC 1
| #define HAVE_UNISTD_H 1
| #define HAVE_STRING_H 1
| #define HAVE_STDLIB_H 1
| #define RETSIGTYPE void
| #define HAVE_STRDUP 1
| #define HAVE_MKDIR 1
| #define HAVE_GETHOSTBYNAME 1
| #define HAVE_GETTIMEOFDAY 1
| #define HAVE_SOCKET 1
| #define HAVE_SNPRINTF 1
| #define HAVE_REGEXEC 1
| #define HAVE_REGERROR 1
| #define HAVE_REGCOMP 1
| #define HAVE_FNMATCH 1
| #define HAVE_GLOB 1
| #define HAVE_GLOBFREE 1
| #define HAVE_EXECVP 1
| #define JUMPTABLE_EMULOOP 1
| #define INSN_BLOCKS 1
| #define LINUX 1
| #define _GNU_SOURCE 1
| #define LINUX_ELF 1
| #define FOREIGN_ELF 1
| #define HAVE_SYS_RESOURCE_H 1
| /* end confdefs.h.  */
| #include <jni_md.h>
configure:6958: result: no
configure:6958: checking for jni_md.h
configure:6958: result: no
configure:7176: updating cache /home/keren/XSB/config/x86_64-unknown-linux-gnu/config.cache
configure:7225: creating ./config.status

## ---------------------- ##
## Running config.status. ##
## ---------------------- ##

This file was extended by config.status, which was
generated by GNU Autoconf 2.69.  Invocation command line was

  CONFIG_FILES    = 
  CONFIG_HEADERS  = 
  CONFIG_LINKS    = 
  CONFIG_COMMANDS = 
  $ ./config.status 

on keren-Precision-T3600

config.status:: creating /home/keren/XSB/config/x86_64-unknown-linux-gnu/topMakefile
config.status:: creating /home/keren/XSB/config/x86_64-unknown-linux-gnu/emuMakefile
config.status:: creating /home/keren/XSB/config/x86_64-unknown-linux-gnu/modMakefile
config.status:: creating /home/keren/XSB/config/x86_64-unknown-linux-gnu/gppMakefile
config.status:: creating /home/keren/XSB/config/x86_64-unknown-linux-gnu/smoMakefile
config.status:: creating /home/keren/XSB/config/x86_64-unknown-linux-gnu/makedef.sh
config.status:: creating /home/keren/XSB/config/x86_64-unknown-linux-gnu/lib/xsb_configuration.P
config.status:: creating windows/xsb_configuration.P
config.status:: creating windows64/xsb_configuration.P
config.status:: creating makexsb
config.status:: creating /home/keren/XSB/bin/chr_pp
config.status:: creating /home/keren/XSB/bin/xsb
config.status:: creating /home/keren/XSB/config/x86_64-unknown-linux-gnu/banner.msg
config.status:: creating windows/banner.msg
config.status:: creating windows64/banner.msg
config.status:: creating windows/MSVC_mkfile.mak
config.status:: creating windows64/MSVC_mkfile.mak
config.status:: creating /home/keren/XSB/packages/xmc/xmc-gui
config.status:: creating /home/keren/XSB/config/x86_64-unknown-linux-gnu/xsb_config.h
config.status:: creating windows/xsb_config.h
config.status:: windows/xsb_config.h is unchanged
config.status:: creating windows/xsb_debug.h
config.status:: windows/xsb_debug.h is unchanged
config.status:: creating windows64/xsb_config.h
config.status:: windows64/xsb_config.h is unchanged
config.status:: creating windows64/xsb_debug.h
config.status:: windows64/xsb_debug.h is unchanged
config.status:: creating /home/keren/XSB/config/x86_64-unknown-linux-gnu/xsb_debug.h

## ---------------- ##
## Cache variables. ##
## ---------------- ##

ac_cv_build=x86_64-unknown-linux-gnu
ac_cv_c_compiler_gnu=yes
ac_cv_c_const=yes
ac_cv_c_inline=inline
ac_cv_env_CCC_set=
ac_cv_env_CCC_value=
ac_cv_env_CC_set=
ac_cv_env_CC_value=
ac_cv_env_CFLAGS_set=
ac_cv_env_CFLAGS_value=
ac_cv_env_CPPFLAGS_set=
ac_cv_env_CPPFLAGS_value=
ac_cv_env_CPP_set=
ac_cv_env_CPP_value=
ac_cv_env_CXXFLAGS_set=
ac_cv_env_CXXFLAGS_value=
ac_cv_env_CXX_set=
ac_cv_env_CXX_value=
ac_cv_env_LDFLAGS_set=
ac_cv_env_LDFLAGS_value=
ac_cv_env_LIBS_set=
ac_cv_env_LIBS_value=
ac_cv_env_build_alias_set=
ac_cv_env_build_alias_value=
ac_cv_env_host_alias_set=
ac_cv_env_host_alias_value=
ac_cv_env_target_alias_set=
ac_cv_env_target_alias_value=
ac_cv_func_execvp=yes
ac_cv_func_fnmatch=yes
ac_cv_func_gethostbyname=yes
ac_cv_func_gettimeofday=yes
ac_cv_func_glob=yes
ac_cv_func_globfree=yes
ac_cv_func_malloc=yes
ac_cv_func_mkdir=yes
ac_cv_func_regcomp=yes
ac_cv_func_regerror=yes
ac_cv_func_regexec=yes
ac_cv_func_sched_get_priority_max=yes
ac_cv_func_snprintf=yes
ac_cv_func_socket=yes
ac_cv_func_strdup=yes
ac_cv_header_inttypes_h=yes
ac_cv_header_jni_h=no
ac_cv_header_jni_md_h=no
ac_cv_header_memory_h=yes
ac_cv_header_minix_config_h=no
ac_cv_header_stdarg_h=yes
ac_cv_header_stdc=yes
ac_cv_header_stdint_h=yes
ac_cv_header_stdlib_h=yes
ac_cv_header_string_h=yes
ac_cv_header_strings_h=yes
ac_cv_header_sys_resource_h=yes
ac_cv_header_sys_stat_h=yes
ac_cv_header_sys_time_h=yes
ac_cv_header_sys_types_h=yes
ac_cv_header_time=yes
ac_cv_header_unistd_h=yes
ac_cv_host=x86_64-unknown-linux-gnu
ac_cv_lib_dl_main=yes
ac_cv_lib_m_main=yes
ac_cv_lib_nsl_main=yes
ac_cv_lib_pthread_main=yes
ac_cv_lib_readline_readline=yes
ac_cv_lib_socket_main=no
ac_cv_objext=o
ac_cv_path_EGREP='/usr/bin/grep -E'
ac_cv_path_GREP=/usr/bin/grep
ac_cv_path_install='/usr/bin/install -c'
ac_cv_path_itkwish_path=no
ac_cv_path_java_path=/usr/bin/javac
ac_cv_prog_CPP='gcc -E'
ac_cv_prog_ac_ct_CC=gcc
ac_cv_prog_cc_c89=
ac_cv_prog_cc_g=yes
ac_cv_prog_has_gcc=yes
ac_cv_prog_make_make_set=yes
ac_cv_safe_to_define___extensions__=yes
ac_cv_sizeof_long_int=8
ac_cv_type_signal=void

## ----------------- ##
## Output variables. ##
## ----------------- ##

CC='gcc'
CFLAGS='  -O3 -fno-strict-aliasing   -fPIC -Wall -pipe   '
CPP='gcc -E'
CPPFLAGS=''
CROSS_SIMULATOR=''
CXX=''
CXXFLAGS=''
DEFS='-DHAVE_CONFIG_H'
DLLTYPE='nodll'
DYNMOD_LDFLAGS='-shared'
DYNMOD_SHAREDLIB_EXTENSION='so'
ECHO_C=''
ECHO_N='-n'
ECHO_T=''
EGREP='/usr/bin/grep -E'
EXEEXT=''
GPPCFLAGS=''
GPPWNTFLAG=''
GREP='/usr/bin/grep'
INSTALL_DATA='${INSTALL} -m 644'
INSTALL_PROGRAM='${INSTALL}'
INSTALL_SCRIPT='${INSTALL}'
INTERPROLOGOBJ=''
INTERPROLOGSRC=''
JAVA_HEADER_PATH=''
JAVA_PLATFORM_HEADER_PATH=''
LD='gcc'
LDFLAGS='  -lm -ldl -Wl,-export-dynamic -lpthread'
LIBOBJS=''
LIBS=' -lpthread -lnsl -ldl -lm '
LTLIBOBJS=''
MEMFLAG=''
OBJEXT='o'
ODBCOBJ=''
ODBCSRC=''
ODBC_CFLAGS=''
PACKAGE_BUGREPORT=''
PACKAGE_NAME=''
PACKAGE_STRING=''
PACKAGE_TARNAME=''
PACKAGE_URL=''
PACKAGE_VERSION=''
PATH_SEPARATOR=':'
SET_MAKE=''
SHELL='/bin/sh'
XASPDEFFILE=''
XASPLIBNAME=''
XSBMOD_LDFLAGS=' -nodefaultlibs -nostartfiles '
XSB_INTERPROLOG=''
ac_ct_CC='gcc'
ac_ct_CXX=''
arch_bindir='/home/keren/XSB/config/x86_64-unknown-linux-gnu/bin'
arch_config_file='/home/keren/XSB/config/x86_64-unknown-linux-gnu/lib/xsb_configuration.P'
arch_config_prefix='/home/keren/XSB/config/x86_64-unknown-linux-gnu'
arch_install_config_prefix='/home/keren/XSB/config/x86_64-unknown-linux-gnu'
bindir='${exec_prefix}/bin'
build='x86_64-unknown-linux-gnu'
build_alias=''
build_cpu='x86_64'
build_os='linux-gnu'
build_vendor='unknown'
builtinsCFLAGS=' -O3 -fno-strict-aliasing   -fPIC -Wall -pipe '
call_scheme='__cdecl'
canonical='x86_64-unknown-linux-gnu'
compile_mode='optimal'
config_ln_command='ln -s '
config_tag=''
datadir='${datarootdir}'
datarootdir='${prefix}/share'
docdir='${datarootdir}/doc/${PACKAGE}'
dvidir='${docdir}'
emuloopCFLAGS=' -O3 -fno-strict-aliasing   -fPIC -Wall -pipe '
emumake_goal='xsb'
engine_mode='slg-wam'
exec_prefix='${prefix}'
force_dynmodule='yes'
full_config_name='x86_64-unknown-linux-gnu'
has_gcc='yes'
host='x86_64-unknown-linux-gnu'
host_alias=''
host_cpu='x86_64'
host_os='linux-gnu'
host_vendor='unknown'
htmldir='${docdir}'
includedir='${prefix}/include'
infodir='${datarootdir}/info'
itkwish_path='no'
java_compiler='/usr/bin/javac'
java_path='/usr/include'
libdir='/home/keren/XSB/lib'
libexecdir='${exec_prefix}/libexec'
loaderCFLAGS=' -O3 -fno-strict-aliasing   -fPIC -Wall -pipe '
localedir='${datarootdir}/locale'
localstatedir='${prefix}/var'
mandir='${datarootdir}/man'
mno_cyg_inclib=''
mno_cyg_lib=''
mt_mode=''
oldincludedir='/usr/include'
os_type='linux-gnu'
os_version=''
pdfdir='${docdir}'
prefix='/home/keren/XSB'
program_transform_name='s,x,x,'
psdir='${docdir}'
regmatch_support='yes'
release_day='1'
release_month='4'
release_monthname='April'
release_year='2021'
runstatedir='${localstatedir}/run'
sbindir='${exec_prefix}/sbin'
sharedstatedir='${prefix}/com'
site_prefix='/home/keren/XSB/site'
smoCFLAGS=''
smoLDFLAGS=''
smoLIB=''
smodels_goal='nope'
sysconfdir='${prefix}/etc'
target_alias=''
topdir='/home/keren/XSB'
trutilsCFLAGS=' -O3 -fno-strict-aliasing   -fPIC -Wall -pipe '
wildmatch_support='yes'
with_smodels=''
word_size='64'
xsb_beta_version=''
xsb_build_date='2022-01-07'
xsb_codename='TaB'
xsb_full_version_name='4.0.0 (TaB)'
xsb_major_version='4'
xsb_minor_version='0'
xsb_obj_extension='.xwam'
xsb_patch_date='Build date: 2022-01-07'
xsb_patch_version='0'
xsb_release_date='2021-04-01'
xsb_scheduling_strategy='local'
xsb_version='4.0.0'

## ----------- ##
## confdefs.h. ##
## ----------- ##

/* confdefs.h */
#define PACKAGE_NAME ""
#define PACKAGE_TARNAME ""
#define PACKAGE_VERSION ""
#define PACKAGE_STRING ""
#define PACKAGE_BUGREPORT ""
#define PACKAGE_URL ""
#define CONFIG_INCLUDED 1
#define ___ALWAYS_TRUE___ 1
#define XSB_VERSION "4.0.0 (TaB)"
#define RELEASE_DATE 2021-04-01
#define RELEASE_YEAR 2021
#define RELEASE_MONTH 4
#define RELEASE_DAY 1
#define LOCAL_EVAL 1
#define GC 1
#define SLG_GC 1
#define STDC_HEADERS 1
#define HAVE_SYS_TYPES_H 1
#define HAVE_SYS_STAT_H 1
#define HAVE_STDLIB_H 1
#define HAVE_STRING_H 1
#define HAVE_MEMORY_H 1
#define HAVE_STRINGS_H 1
#define HAVE_INTTYPES_H 1
#define HAVE_STDINT_H 1
#define HAVE_UNISTD_H 1
#define __EXTENSIONS__ 1
#define _ALL_SOURCE 1
#define _GNU_SOURCE 1
#define _POSIX_PTHREAD_SEMANTICS 1
#define _TANDEM_SOURCE 1
#define CC "gcc"
#define SIZEOF_LONG_INT 8
#define BITS64 1
#define HAVE_LIBM 1
#define HAVE_LIBDL 1
#define HAVE_LIBNSL 1
#define HAVE_LIBPTHREAD 1
#define HAVE_READLINE 1
#define HAVE_STDARG_H 1
#define HAVE_SYS_TIME_H 1
#define TIME_WITH_SYS_TIME 1
#define HAVE_MALLOC 1
#define HAVE_UNISTD_H 1
#define HAVE_STRING_H 1
#define HAVE_STDLIB_H 1
#define RETSIGTYPE void
#define HAVE_STRDUP 1
#define HAVE_MKDIR 1
#define HAVE_GETHOSTBYNAME 1
#define HAVE_GETTIMEOFDAY 1
#define HAVE_SOCKET 1
#define HAVE_SNPRINTF 1
#define HAVE_REGEXEC 1
#define HAVE_REGERROR 1
#define HAVE_REGCOMP 1
#define HAVE_FNMATCH 1
#define HAVE_GLOB 1
#define HAVE_GLOBFREE 1
#define HAVE_EXECVP 1
#define JUMPTABLE_EMULOOP 1
#define INSN_BLOCKS 1
#define LINUX 1
#define _GNU_SOURCE 1
#define LINUX_ELF 1
#define FOREIGN_ELF 1
#define HAVE_SYS_RESOURCE_H 1
#define CONFIGURATION "x86_64-unknown-linux-gnu"
#define FULL_CONFIG_NAME "x86_64-unknown-linux-gnu"

configure: exit 0
