[2022-05-04 17:35:29,290] DEBUG preRegister called. Server=com.sun.jmx.mbeanserver.JmxMBeanServer@46f5f779, name=log4j:logger=kafka.controller (kafka.controller)
[2022-05-04 17:36:28,257] INFO [ControllerEventThread controllerId=0] Starting (kafka.controller.ControllerEventManager$ControllerEventThread)
[2022-05-04 17:36:28,306] INFO [Controller id=0] 0 successfully elected as the controller. Epoch incremented to 1 and epoch zk version is now 1 (kafka.controller.KafkaController)
[2022-05-04 17:36:28,311] INFO [Controller id=0] Creating FeatureZNode at path: /feature with contents: FeatureZNode(Enabled,Features{}) (kafka.controller.KafkaController)
[2022-05-04 17:36:28,362] INFO [Controller id=0] Registering handlers (kafka.controller.KafkaController)
[2022-05-04 17:36:28,367] INFO [Controller id=0] Deleting log dir event notifications (kafka.controller.KafkaController)
[2022-05-04 17:36:28,370] INFO [Controller id=0] Deleting isr change notifications (kafka.controller.KafkaController)
[2022-05-04 17:36:28,373] INFO [Controller id=0] Initializing controller context (kafka.controller.KafkaController)
[2022-05-04 17:36:28,391] INFO [Controller id=0] Initialized broker epochs cache: HashMap(0 -> 25) (kafka.controller.KafkaController)
[2022-05-04 17:36:28,400] DEBUG [Controller id=0] Register BrokerModifications handler for Set(0) (kafka.controller.KafkaController)
[2022-05-04 17:36:28,407] DEBUG [Channel manager on controller 0]: Controller 0 trying to connect to broker 0 (kafka.controller.ControllerChannelManager)
[2022-05-04 17:36:28,419] INFO [RequestSendThread controllerId=0] Starting (kafka.controller.RequestSendThread)
[2022-05-04 17:36:28,421] INFO [Controller id=0] Currently active brokers in the cluster: Set(0) (kafka.controller.KafkaController)
[2022-05-04 17:36:28,422] INFO [Controller id=0] Currently shutting brokers in the cluster: HashSet() (kafka.controller.KafkaController)
[2022-05-04 17:36:28,422] INFO [Controller id=0] Current list of topics in the cluster: HashSet() (kafka.controller.KafkaController)
[2022-05-04 17:36:28,422] INFO [Controller id=0] Fetching topic deletions in progress (kafka.controller.KafkaController)
[2022-05-04 17:36:28,426] INFO [Controller id=0] List of topics to be deleted:  (kafka.controller.KafkaController)
[2022-05-04 17:36:28,426] INFO [Controller id=0] List of topics ineligible for deletion:  (kafka.controller.KafkaController)
[2022-05-04 17:36:28,427] INFO [Controller id=0] Initializing topic deletion manager (kafka.controller.KafkaController)
[2022-05-04 17:36:28,427] INFO [Topic Deletion Manager 0] Initializing manager with initial deletions: Set(), initial ineligible deletions: HashSet() (kafka.controller.TopicDeletionManager)
[2022-05-04 17:36:28,429] INFO [Controller id=0] Sending update metadata request (kafka.controller.KafkaController)
[2022-05-04 17:36:28,451] INFO [ReplicaStateMachine controllerId=0] Initializing replica state (kafka.controller.ZkReplicaStateMachine)
[2022-05-04 17:36:28,452] INFO [ReplicaStateMachine controllerId=0] Triggering online replica state changes (kafka.controller.ZkReplicaStateMachine)
[2022-05-04 17:36:28,460] INFO [ReplicaStateMachine controllerId=0] Triggering offline replica state changes (kafka.controller.ZkReplicaStateMachine)
[2022-05-04 17:36:28,460] DEBUG [ReplicaStateMachine controllerId=0] Started replica state machine with initial state -> HashMap() (kafka.controller.ZkReplicaStateMachine)
[2022-05-04 17:36:28,461] INFO [PartitionStateMachine controllerId=0] Initializing partition state (kafka.controller.ZkPartitionStateMachine)
[2022-05-04 17:36:28,462] INFO [PartitionStateMachine controllerId=0] Triggering online partition state changes (kafka.controller.ZkPartitionStateMachine)
[2022-05-04 17:36:28,465] INFO [RequestSendThread controllerId=0] Controller 0 connected to dfcd36f7f8ec:9092 (id: 0 rack: null) for sending state change requests (kafka.controller.RequestSendThread)
[2022-05-04 17:36:28,469] DEBUG [PartitionStateMachine controllerId=0] Started partition state machine with initial state -> HashMap() (kafka.controller.ZkPartitionStateMachine)
[2022-05-04 17:36:28,469] INFO [Controller id=0] Ready to serve as the new controller with epoch 1 (kafka.controller.KafkaController)
[2022-05-04 17:36:28,476] INFO [Controller id=0] Partitions undergoing preferred replica election:  (kafka.controller.KafkaController)
[2022-05-04 17:36:28,476] INFO [Controller id=0] Partitions that completed preferred replica election:  (kafka.controller.KafkaController)
[2022-05-04 17:36:28,476] INFO [Controller id=0] Skipping preferred replica election for partitions due to topic deletion:  (kafka.controller.KafkaController)
[2022-05-04 17:36:28,477] INFO [Controller id=0] Resuming preferred replica election for partitions:  (kafka.controller.KafkaController)
[2022-05-04 17:36:28,478] INFO [Controller id=0] Starting replica leader election (PREFERRED) for partitions  triggered by ZkTriggered (kafka.controller.KafkaController)
[2022-05-04 17:36:28,499] INFO [Controller id=0] Starting the controller scheduler (kafka.controller.KafkaController)
[2022-05-04 17:36:33,502] INFO [Controller id=0] Processing automatic preferred replica leader election (kafka.controller.KafkaController)
[2022-05-04 17:36:33,502] TRACE [Controller id=0] Checking need to trigger auto leader balancing (kafka.controller.KafkaController)
[2022-05-04 17:41:33,507] INFO [Controller id=0] Processing automatic preferred replica leader election (kafka.controller.KafkaController)
[2022-05-04 17:41:33,507] TRACE [Controller id=0] Checking need to trigger auto leader balancing (kafka.controller.KafkaController)
[2022-05-04 17:46:33,508] INFO [Controller id=0] Processing automatic preferred replica leader election (kafka.controller.KafkaController)
[2022-05-04 17:46:33,508] TRACE [Controller id=0] Checking need to trigger auto leader balancing (kafka.controller.KafkaController)
